<?xml version="1.0" encoding="UTF-8"?>
<testng-results skipped="0" failed="0" total="1" passed="1">
  <reporter-output>
  </reporter-output>
  <suite name="Suite" duration-ms="37743" started-at="2019-05-17T16:36:38Z" finished-at="2019-05-17T16:37:16Z">
    <groups>
    </groups>
    <test name="Admin Page" duration-ms="37743" started-at="2019-05-17T16:36:38Z" finished-at="2019-05-17T16:37:16Z">
      <class name="testScenarios.AdminPage_Validation">
        <test-method status="PASS" signature="setUp(java.lang.String)[pri:0, instance:testScenarios.AdminPage_Validation@3108bc]" name="setUp" is-config="true" duration-ms="19200" started-at="2019-05-17T22:06:38Z" finished-at="2019-05-17T22:06:57Z">
          <params>
            <param index="0">
              <value>
                <![CDATA[Chrome]]>
              </value>
            </param>
          </params>
          <reporter-output>
          </reporter-output>
        </test-method> <!-- setUp -->
        <test-method status="PASS" signature="Admin_Search()[pri:0, instance:testScenarios.AdminPage_Validation@3108bc]" name="Admin_Search" duration-ms="18510" started-at="2019-05-17T22:06:57Z" finished-at="2019-05-17T22:07:16Z">
          <reporter-output>
          </reporter-output>
        </test-method> <!-- Admin_Search -->
        <test-method status="PASS" signature="tearDown()[pri:0, instance:testScenarios.AdminPage_Validation@3108bc]" name="tearDown" is-config="true" duration-ms="0" started-at="2019-05-17T22:07:16Z" finished-at="2019-05-17T22:07:16Z">
          <reporter-output>
          </reporter-output>
        </test-method> <!-- tearDown -->
      </class> <!-- testScenarios.AdminPage_Validation -->
    </test> <!-- Admin Page -->
  </suite> <!-- Suite -->
</testng-results>
